1 0 1 2 
2 3 4 5 
3 6 7 8 
4 9 10 11 
5 12 13 14 
6 15 16 17 
7 18 19 20 
8 21 22 23 
9 24 25 26 
10 27 28 29 
11 30 31 32 
12 33 34 35 
13 36 37 38 
14 39 40 41 
15 42 43 44 
16 45 46 47 
17 48 49 50 
18 51 52 53 
19 54 55 56 
20 57 58 59 
21 60 61 62 
22 63 64 65 
23 66 67 68 
24 69 70 71 
25 72 73 74 
26 75 76 77 
27 78 79 80 
28 81 82 83 
29 84 85 86 
30 87 88 89 
31 90 91 92 
32 93 94 95 
33 96 97 98 
34 99 100 101 
35 102 103 104 
36 105 106 107 
37 108 109 110 
38 111 112 113 
39 114 115 116 
40 117 118 119 
41 120 121 122 
42 123 124 125 
43 126 127 128 
44 129 130 131 
45 132 133 134 
46 135 136 137 
47 138 139 140 
48 141 142 143 
49 144 145 146 
50 147 148 149 
51 150 151 152 
52 153 154 155 
53 156 157 158 
54 159 160 161 
55 162 163 164 
56 165 166 167 
57 168 169 170 
58 171 172 173 
59 174 175 176 
60 177 178 179 
61 180 181 182 
62 183 184 185 
63 186 187 188 
64 189 190 191 
65 192 193 194 
66 195 196 197 
67 198 199 200 
68 201 202 203 
69 204 205 206 
70 207 208 209 
71 210 211 212 
72 213 214 215 
73 216 217 218 
74 219 220 221 
75 222 223 224 
76 225 226 227 
77 228 229 230 
78 231 232 233 
79 234 235 236 
80 237 238 239 
81 240 241 242 
82 243 244 245 
83 246 247 248 
84 249 250 251 
85 252 253 254 
86 255 256 257 
87 258 259 260 
88 261 262 263 
89 264 265 266 
90 267 268 269 
91 270 271 272 
92 273 274 275 
93 276 277 278 
94 279 280 281 
95 282 283 284 
96 285 286 287 
97 288 289 290 
98 291 292 293 
99 294 295 296 
100 297 298 299 
